<?xml version="1.0" encoding="UTF-8"?>
<!-- Generated by org.testng.reporters.JUnitReportReporter -->
<testsuite hostname="BhargavB" failures="0" tests="2" name="com.tests.LoginTest" time="11.772" errors="0" timestamp="22 Jun. 2023 22:56:59 GMT" skipped="0">
  <testcase classname="com.tests.LoginTest" name="freeCrmTitleTest" time="6.221"/>
  <testcase classname="com.tests.LoginTest" name="crmLogoImageTest" time="5.551"/>
</testsuite> <!-- com.tests.LoginTest -->
