<?xml version="1.0" encoding="UTF-8"?>
<!-- Generated by org.testng.reporters.JUnitReportReporter -->
<testsuite hostname="BhargavB" failures="0" tests="3" name="com.crm.qa.testcases.HomePageTest" time="24.819" errors="0" timestamp="2023-06-14T20:10:15 EDT" skipped="0">
  <testcase classname="com.crm.qa.testcases.HomePageTest" name="verifyHomePageTitleTest" time="8.229"/>
  <system-out/>
  <testcase classname="com.crm.qa.testcases.HomePageTest" name="verifyUserNameTest" time="8.524"/>
  <system-out/>
  <testcase classname="com.crm.qa.testcases.HomePageTest" name="verifyContactsLinkTest" time="8.066"/>
  <system-out/>
</testsuite> <!-- com.crm.qa.testcases.HomePageTest -->
