<?xml version="1.0" encoding="UTF-8"?>
<!-- Generated by org.testng.reporters.JUnitReportReporter -->
<testsuite hostname="BhargavB" failures="0" tests="1" name="com.crm.qa.testcases.LoginPageTest" time="15.225" errors="0" timestamp="2023-06-20T12:52:50 EDT" skipped="0">
  <testcase classname="com.crm.qa.testcases.LoginPageTest" name="loginTest" time="15.225"/>
  <system-out/>
</testsuite> <!-- com.crm.qa.testcases.LoginPageTest -->
