<?xml version="1.0" encoding="UTF-8"?>
<!-- Generated by org.testng.reporters.JUnitReportReporter -->
<testsuite hostname="BhargavB" failures="0" tests="3" name="com.crm.qa.testcases.LoginPageTest" time="13.675" errors="0" timestamp="2023-06-16T20:58:04 EDT" skipped="0">
  <testcase classname="com.crm.qa.testcases.LoginPageTest" name="loginPageTitleTest" time="3.525"/>
  <system-out/>
  <testcase classname="com.crm.qa.testcases.LoginPageTest" name="crmLogoImageTest" time="3.605"/>
  <system-out/>
  <testcase classname="com.crm.qa.testcases.LoginPageTest" name="loginTest" time="6.545"/>
  <system-out/>
</testsuite> <!-- com.crm.qa.testcases.LoginPageTest -->
