<?xml version="1.0" encoding="UTF-8"?>
<!-- Generated by org.testng.reporters.JUnitReportReporter -->
<testsuite hostname="BhargavB" failures="0" tests="2" name="com.tests.LoginTest" time="10.290" errors="0" timestamp="2023-06-22T18:32:34 EDT" skipped="0">
  <testcase classname="com.tests.LoginTest" name="freeCrmTitleTest" time="5.112"/>
  <system-out/>
  <testcase classname="com.tests.LoginTest" name="crmLogoImageTest" time="5.178"/>
  <system-out/>
</testsuite> <!-- com.tests.LoginTest -->
