<?xml version="1.0" encoding="UTF-8"?>
<!-- Generated by org.testng.reporters.JUnitReportReporter -->
<testsuite hostname="BhargavB" failures="0" tests="3" name="com.crm.qa.testcases.LoginPageTest" time="18.159" errors="0" timestamp="2023-06-22T18:32:34 EDT" skipped="0">
  <testcase classname="com.crm.qa.testcases.LoginPageTest" name="loginPageTitleTest" time="4.921"/>
  <system-out/>
  <testcase classname="com.crm.qa.testcases.LoginPageTest" name="crmLogoImageTest" time="5.260"/>
  <system-out/>
  <testcase classname="com.crm.qa.testcases.LoginPageTest" name="loginTest" time="7.978"/>
  <system-out/>
</testsuite> <!-- com.crm.qa.testcases.LoginPageTest -->
